[19:07:53.266][INFO][CraftTweaker-EarlyInit]: CraftTweaker is running on a Minecraft 1.20.1 production server modded with platform Forge
[19:07:53.281][INFO][CraftTweaker-EarlyInit]: Successfully injected RecipeFS file system
[19:07:53.330][INFO][CraftTweaker-Plugins]: Successfully identified and loaded plugin jeitweaker:common
[19:07:53.345][INFO][CraftTweaker-Plugins]: Successfully identified and loaded plugin crafttweaker:builtin
[19:07:53.351][INFO][CraftTweaker-Plugins]: Successfully identified and loaded plugin crafttweaker:builtin_forge
[19:07:53.359][INFO][CraftTweaker-Plugins]: Successfully identified and loaded plugin farmersdelight:crafttweaker_plugin
[19:07:53.389][INFO][JEITweaker]: Identified JeiTweaker plugin 'jeitweaker:forge': loading scheduled
[19:07:53.391][INFO][JEITweaker]: Identified JeiTweaker plugin 'jeitweaker:common': loading scheduled
[19:07:53.407][INFO][JEITweaker]: JEITweaker Environmental Check: the combination of mods [jei] is fully supported
[19:07:53.407][INFO][JEITweaker]: Running JeiTweaker plugin initialization
[19:07:53.420][INFO][JEITweaker]: JeiTweaker plugin initialization completed successfully
[19:07:54.269][INFO][CraftTweaker]: The following mods have explicit CraftTweaker support through the default plugin:
[19:07:54.270][INFO][CraftTweaker]: - 'crafttweaker' at version '14.0.57'
[19:07:54.270][INFO][CraftTweaker]: - 'farmersdelight' at version '1.20.1-1.2.7'
[19:07:54.270][INFO][CraftTweaker]: - 'jeitweaker' at version '8.0.6'
[19:08:05.696][INFO][CraftTweaker-ZenCode]: Started loading scripts for loader 'initialize'
[19:08:06.377][INFO][CraftTweaker-ZenCode]: Compiling and executing scripts
[19:08:06.504][INFO][CraftTweaker-ZenCode]: Successfully initialized modules [crafttweaker, expansions]
[19:08:06.675][INFO][CraftTweaker-ZenCode]: Execution for loader 'initialize' completed successfully
[19:08:42.798][INFO][CraftTweaker-ZenCode]: Started loading scripts for loader 'tags'
[19:08:42.832][INFO][CraftTweaker-ZenCode]: Compiling and executing scripts
[19:08:42.851][INFO][CraftTweaker-ZenCode]: Successfully initialized modules [crafttweaker, expansions]
[19:08:42.866][INFO][CraftTweaker-ZenCode]: Execution for loader 'tags' completed successfully
[19:08:47.614][INFO][CraftTweaker]: crafttweaker.reload.start
[19:08:47.619][INFO][CraftTweaker-ZenCode]: Started loading scripts for loader 'crafttweaker'
[19:08:47.645][INFO][CraftTweaker-ZenCode]: Compiling and executing scripts
[19:08:48.113][INFO][CraftTweaker-ZenCode]: Successfully initialized modules [mods, crafttweaker, expansions]
[19:08:48.116][INFO][CraftTweaker-ZenCode]: Loading file 'script.zs' with priority 0
[19:08:48.149][INFO][CraftTweaker-ZenCode]: Execution for loader 'crafttweaker' completed successfully
[19:08:48.150][INFO][CraftTweaker]: crafttweaker.reload.complete
[19:08:48.151][INFO][CraftTweaker]: This reload was made possible by Ncc1702 and more! Become a patron at https://patreon.com/jaredlll08?s=crtmod
