[08Sep2025 00:03:14.422] [Server thread/INFO] [Easy NPC/]: Opening menu 3a3858b7-988e-4d97-8028-23848363186e for npc 7a04cd5a-80a1-4b24-9307-601c6c0927ed and player ServerPlayer['Zlashh'/53502, l='ServerLevel[Legendary Edition]', x=350.50, y=66.00, z=214.61] with DialogMenuHandler{displayName=literal{Veteran Explorer}[style={color=#FFFFFF}]}
[08Sep2025 00:07:09.860] [Server thread/INFO] [net.minecraft.world.entity.npc.Villager/]: Villager Villager['Colton'/64502, l='ServerLevel[Legendary Edition]', x=309.17, y=65.00, z=229.45] died, message: 'Colton was slain by Zombie'
[08Sep2025 00:07:09.860] [Server thread/INFO] [net.minecraft.world.entity.LivingEntity/]: Named entity Villager['Colton'/64502, l='ServerLevel[Legendary Edition]', x=309.17, y=65.00, z=229.45] died: Colton was slain by Zombie
[08Sep2025 00:07:51.257] [Server thread/INFO] [net.minecraft.world.entity.LivingEntity/]: Named entity ZombieVillager['Colton'/70258, l='ServerLevel[Legendary Edition]', x=359.99, y=65.00, z=220.65] died: Colton was slain by Iron Golem
[08Sep2025 00:10:18.621] [Server thread/INFO] [net.minecraft.world.entity.npc.Villager/]: Villager Villager['Phileas'/64717, l='ServerLevel[Legendary Edition]', x=356.32, y=64.00, z=307.48] died, message: 'Phileas was slain by Swarmer'
[08Sep2025 00:10:18.622] [Server thread/INFO] [net.minecraft.world.entity.LivingEntity/]: Named entity Villager['Phileas'/64717, l='ServerLevel[Legendary Edition]', x=356.32, y=64.00, z=307.48] died: Phileas was slain by Swarmer
[08Sep2025 00:10:23.514] [Server thread/INFO] [net.minecraft.world.entity.npc.Villager/]: Villager Villager['Rozanne'/64713, l='ServerLevel[Legendary Edition]', x=330.54, y=67.00, z=233.42] died, message: 'Rozanne was slain by Guster'
[08Sep2025 00:10:23.514] [Server thread/INFO] [net.minecraft.world.entity.LivingEntity/]: Named entity Villager['Rozanne'/64713, l='ServerLevel[Legendary Edition]', x=330.54, y=67.00, z=233.42] died: Rozanne was slain by Guster
[08Sep2025 00:10:49.715] [Server thread/INFO] [Easy NPC/]: Creating backup folder 2025-09-08 at /workspaces/PINGALAND/servidor_minecraft/easy_npc/backup ...
[08Sep2025 00:11:50.067] [Server thread/INFO] [net.minecraft.server.MinecraftServer/]: Zlashh couldn't take the heat
[08Sep2025 00:11:51.257] [Server thread/INFO] [net.minecraft.server.MinecraftServer/]: No player was found
[08Sep2025 00:11:51.281] [Server thread/INFO] [Easy NPC/]: Define custom server-side data for HumanoidSlim['Humanoid (slim)'/71298, l='ServerLevel[Legendary Edition]', x=0.00, y=0.00, z=0.00] ...
[08Sep2025 00:11:51.282] [Server thread/INFO] [Easy NPC/]: Register default handler for HumanoidSlim['Humanoid (slim)'/71298, l='ServerLevel[Legendary Edition]', x=0.00, y=0.00, z=0.00] with variant ALEX ...
[08Sep2025 00:11:51.282] [Server thread/INFO] [Easy NPC/]: Easy NPC Data version 3 for HumanoidSlim['Veteran Explorer'/71298, l='ServerLevel[Legendary Edition]', x=352.50, y=65.50, z=215.50].
[08Sep2025 00:11:51.282] [Server thread/INFO] [Easy NPC/]: Loading trading offers [net.minecraft.world.item.trading.MerchantOffer@418602fe, net.minecraft.world.item.trading.MerchantOffer@7fdc9893, net.minecraft.world.item.trading.MerchantOffer@e252a8e, net.minecraft.world.item.trading.MerchantOffer@6702a521, net.minecraft.world.item.trading.MerchantOffer@1662dacd, net.minecraft.world.item.trading.MerchantOffer@d61c092, net.minecraft.world.item.trading.MerchantOffer@2ab7eaea, net.minecraft.world.item.trading.MerchantOffer@586e7930] for HumanoidSlim['Veteran Explorer'/71298, l='ServerLevel[Legendary Edition]', x=352.50, y=65.50, z=215.50]
[08Sep2025 00:12:15.360] [Server thread/INFO] [net.minecraft.world.entity.npc.Villager/]: Villager Villager['Clay'/71519, l='ServerLevel[Legendary Edition]', x=311.49, y=79.00, z=366.70] died, message: 'Clay hit the ground too hard'
[08Sep2025 00:12:15.361] [Server thread/INFO] [net.minecraft.world.entity.LivingEntity/]: Named entity Villager['Clay'/71519, l='ServerLevel[Legendary Edition]', x=311.49, y=79.00, z=366.70] died: Clay fell from a high place
[08Sep2025 00:17:51.263] [Server thread/INFO] [net.minecraft.server.MinecraftServer/]: Zlashh couldn't take the heat
[08Sep2025 00:17:52.833] [Server thread/INFO] [net.minecraft.server.MinecraftServer/]: No player was found
[08Sep2025 00:17:52.856] [Server thread/INFO] [Easy NPC/]: Define custom server-side data for HumanoidSlim['Humanoid (slim)'/73066, l='ServerLevel[Legendary Edition]', x=0.00, y=0.00, z=0.00] ...
[08Sep2025 00:17:52.857] [Server thread/INFO] [Easy NPC/]: Register default handler for HumanoidSlim['Humanoid (slim)'/73066, l='ServerLevel[Legendary Edition]', x=0.00, y=0.00, z=0.00] with variant ALEX ...
[08Sep2025 00:17:52.857] [Server thread/INFO] [Easy NPC/]: Easy NPC Data version 3 for HumanoidSlim['Veteran Explorer'/73066, l='ServerLevel[Legendary Edition]', x=352.50, y=65.50, z=215.50].
[08Sep2025 00:17:52.857] [Server thread/INFO] [Easy NPC/]: Loading trading offers [net.minecraft.world.item.trading.MerchantOffer@79fedba9, net.minecraft.world.item.trading.MerchantOffer@25413fba, net.minecraft.world.item.trading.MerchantOffer@17a8455f, net.minecraft.world.item.trading.MerchantOffer@7317feed, net.minecraft.world.item.trading.MerchantOffer@7cbb40b5, net.minecraft.world.item.trading.MerchantOffer@50ab0c77, net.minecraft.world.item.trading.MerchantOffer@57c3980, net.minecraft.world.item.trading.MerchantOffer@49504f54] for HumanoidSlim['Veteran Explorer'/73066, l='ServerLevel[Legendary Edition]', x=352.50, y=65.50, z=215.50]
[08Sep2025 00:19:45.064] [Server thread/INFO] [net.minecraft.server.network.ServerGamePacketListenerImpl/]: Zlashh lost connection: Disconnected
[08Sep2025 00:19:45.064] [Server thread/INFO] [net.minecraft.server.MinecraftServer/]: Zlashh left the game
[08Sep2025 00:19:45.064] [Server thread/INFO] [voicechat/]: [voicechat] Disconnecting client Zlashh
[08Sep2025 02:22:16.085] [Server thread/INFO] [net.minecraft.server.players.PlayerList/]: Zlashh[/127.113.86.4:42525] logged in with entity id 73593 at (374.31285528434483, 69.0, 235.33361189455619)
[08Sep2025 02:22:16.095] [Server thread/INFO] [org.betterx.worlds.together.util.Logger/]: [betternether] Freeze Registry[ResourceKey[minecraft:root / worlds_together:worldgen/betterx/surface_rules] (Stable)]
[08Sep2025 02:22:16.103] [Server thread/INFO] [ModernFix/]: Using enhanced recipe sync for player Zlashh
[08Sep2025 02:22:16.105] [Server thread/INFO] [net.minecraft.server.MinecraftServer/]: Zlashh joined the game
[08Sep2025 02:22:16.873] [Server thread/INFO] [Easy NPC/]: Define custom server-side data for HumanoidSlim['Humanoid (slim)'/73680, l='ServerLevel[Legendary Edition]', x=0.00, y=0.00, z=0.00] ...
[08Sep2025 02:22:16.874] [Server thread/INFO] [Easy NPC/]: Register default handler for HumanoidSlim['Humanoid (slim)'/73680, l='ServerLevel[Legendary Edition]', x=0.00, y=0.00, z=0.00] with variant ALEX ...
[08Sep2025 02:22:16.874] [Server thread/INFO] [Easy NPC/]: Easy NPC Data version 3 for HumanoidSlim['Veteran Explorer'/73680, l='ServerLevel[Legendary Edition]', x=352.50, y=65.50, z=215.50].
[08Sep2025 02:22:16.875] [Server thread/INFO] [Easy NPC/]: Loading trading offers [net.minecraft.world.item.trading.MerchantOffer@187d504d, net.minecraft.world.item.trading.MerchantOffer@6ecae482, net.minecraft.world.item.trading.MerchantOffer@b74b6c, net.minecraft.world.item.trading.MerchantOffer@781c7d69, net.minecraft.world.item.trading.MerchantOffer@a91b51f, net.minecraft.world.item.trading.MerchantOffer@3346ae3b, net.minecraft.world.item.trading.MerchantOffer@9906f14, net.minecraft.world.item.trading.MerchantOffer@12fcac7a] for HumanoidSlim['Veteran Explorer'/73680, l='ServerLevel[Legendary Edition]', x=352.50, y=65.50, z=215.50]
[08Sep2025 02:22:19.125] [Server thread/INFO] [voicechat/]: [voicechat] Received secret request of Zlashh (18)
[08Sep2025 02:22:19.125] [Server thread/INFO] [voicechat/]: [voicechat] Sent secret to Zlashh
[08Sep2025 02:22:19.126] [Server thread/INFO] [org.betterx.worlds.together.util.Logger/]: [bclib] Received Hello from Client. (server=3.0.14, client=3.0.14)
[08Sep2025 02:22:19.126] [Server thread/INFO] [org.betterx.worlds.together.util.Logger/]: [bclib] Sending Hello to Client. (server=3.0.14)
[08Sep2025 02:22:19.127] [Server thread/INFO] [org.betterx.worlds.together.util.Logger/]: [bclib] 	- Listing Mod betternether v9.0.10 (size: 21.9 MiB, download=true)
[08Sep2025 02:22:19.127] [Server thread/INFO] [org.betterx.worlds.together.util.Logger/]: [bclib] 	- Listing Mod bclib v3.0.14 (size: 2.2 MiB, download=true)
[08Sep2025 02:22:19.127] [Server thread/INFO] [org.betterx.worlds.together.util.Logger/]: [bclib] 	- Offering Config bclib.CONFIG_betternether.main
[08Sep2025 02:22:19.127] [Server thread/INFO] [org.betterx.worlds.together.util.Logger/]: [bclib] 	- Offering Config bclib.CONFIG_betternether.generator
[08Sep2025 02:22:19.127] [Server thread/INFO] [org.betterx.worlds.together.util.Logger/]: [bclib] 	- Offering Config bclib.CONFIG_betternether.blocks
[08Sep2025 02:22:19.127] [Server thread/INFO] [org.betterx.worlds.together.util.Logger/]: [bclib] 	- Offering Config bclib.CONFIG_betternether.items
[08Sep2025 02:22:19.127] [Server thread/INFO] [org.betterx.worlds.together.util.Logger/]: [bclib] 	- Offering Config bclib.CONFIG_betternether.biomes
[08Sep2025 02:22:19.127] [Server thread/INFO] [org.betterx.worlds.together.util.Logger/]: [bclib] 	- Offering Config bclib.CONFIG_betternether.mobs
[08Sep2025 02:22:19.127] [Server thread/INFO] [org.betterx.worlds.together.util.Logger/]: [bclib] 	- Offering Config bclib.CONFIG_betterend.entities
[08Sep2025 02:22:19.128] [Server thread/INFO] [org.betterx.worlds.together.util.Logger/]: [bclib] 	- Offering Config bclib.CONFIG_betterend.blocks
[08Sep2025 02:22:19.128] [Server thread/INFO] [org.betterx.worlds.together.util.Logger/]: [bclib] 	- Offering Config bclib.CONFIG_betterend.items
[08Sep2025 02:22:19.128] [Server thread/INFO] [org.betterx.worlds.together.util.Logger/]: [bclib] 	- Offering Config bclib.CONFIG_betterend.enchantments
[08Sep2025 02:22:19.128] [Server thread/INFO] [org.betterx.worlds.together.util.Logger/]: [bclib] 	- Offering Config bclib.CONFIG_bclib.generator
[08Sep2025 02:22:19.128] [Server thread/INFO] [org.betterx.worlds.together.util.Logger/]: [bclib] 	- Offering Config bclib.CONFIG_bclib.main
[08Sep2025 02:22:19.128] [Server thread/INFO] [org.betterx.worlds.together.util.Logger/]: [bclib] 	- Offering Config bclib.CONFIG_bclib.biomes
[08Sep2025 02:22:19.128] [Server thread/INFO] [org.betterx.worlds.together.util.Logger/]: [bclib] 	- Offering Folder /workspaces/PINGALAND/servidor_minecraft/bclib-sync (allowDelete=true)
