* This is the StructMobWeight report file that is output every time the server starts.
* 
* Spawn Balance Utility (SBU) will use this file ONLY if it is renamed to StructMobWeight.csv.
* Lines starting with '*' are comments and ignored
* It allows you to add and remove mobs and adjust their spawnweights for Structures
* like shipwrecks, nether fortresses, water monuments, etc.
* 
1, dungeons_arise:abandoned_temple, HEADING, header:ignore, 0, 0, 0
2, dungeons_arise:abandoned_temple, MONSTER, minecraft:stray, 1, 1, 1
3, idas:abandonedhouse, HEADING, header:ignore, 0, 0, 0
4, totw_modded:aether, HEADING, header:ignore, 0, 0, 0
5, graveyard:altar, HEADING, header:ignore, 0, 0, 0
6, betternether:altars, HEADING, header:ignore, 0, 0, 0
7, irons_spellbooks:ancient_battleground, HEADING, header:ignore, 0, 0, 0
8, minecraft:ancient_city, HEADING, header:ignore, 0, 0, 0
9, repurposed_structures:ancient_city_end, HEADING, header:ignore, 0, 0, 0
10, repurposed_structures:ancient_city_end, MONSTER, minecraft:phantom, 3, 1, 1
11, repurposed_structures:ancient_city_end, MONSTER, minecraft:endermite, 2, 3, 7
12, repurposed_structures:ancient_city_nether, HEADING, header:ignore, 0, 0, 0
13, repurposed_structures:ancient_city_nether, MONSTER, minecraft:ghast, 10, 6, 10
14, repurposed_structures:ancient_city_nether, MONSTER, minecraft:wither_skeleton, 1, 1, 3
15, repurposed_structures:ancient_city_ocean, HEADING, header:ignore, 0, 0, 0
16, repurposed_structures:ancient_city_ocean, MONSTER, minecraft:drowned, 10, 2, 5
17, cataclysm:ancient_factory, HEADING, header:ignore, 0, 0, 0
18, idas:ancient_mines, HEADING, header:ignore, 0, 0, 0
19, idas:ancient_mines, MONSTER, minecraft:silverfish, 1, 1, 1
20, idas:ancient_mines, MONSTER, quark:wraith, 1, 1, 1
21, idas:ancient_portal/ancient_portal, HEADING, header:ignore, 0, 0, 0
22, idas:ancient_portal/ancient_portal, MONSTER, minecraft:silverfish, 3, 1, 4
23, idas:ancient_portal/ancient_portal, MONSTER, quark:wraith, 3, 1, 4
24, idas:ancient_portal/nether_ancient_portal, HEADING, header:ignore, 0, 0, 0
25, idas:ancient_portal/nether_ancient_portal, MONSTER, quark:wraith, 10, 1, 1
26, idas:ancient_statue/ancient_statue_desert, HEADING, header:ignore, 0, 0, 0
27, idas:ancient_statue/ancient_statue_jungle, HEADING, header:ignore, 0, 0, 0
28, idas:ancient_statue/ancient_statue_plains, HEADING, header:ignore, 0, 0, 0
29, ati_structures:ancient_temple, HEADING, header:ignore, 0, 0, 0
30, ati_structures:ancient_temple, MONSTER, minecraft:slime, 1, 1, 2
31, ati_structures:ancient_vessel, HEADING, header:ignore, 0, 0, 0
32, idas:animal_den/forest_den, HEADING, header:ignore, 0, 0, 0
33, idas:animal_den/foxhound_den, HEADING, header:ignore, 0, 0, 0
34, idas:animal_den/polar_bear_den, HEADING, header:ignore, 0, 0, 0
35, idas:apothecary_abode, HEADING, header:ignore, 0, 0, 0
36, ati_structures:arachnid_dwelling, HEADING, header:ignore, 0, 0, 0
37, atmospheric:arid_garden, HEADING, header:ignore, 0, 0, 0
38, idas:ars_nouveau/archmages_tower, HEADING, header:ignore, 0, 0, 0
39, mobs_of_mythology:automaton_structure, HEADING, header:ignore, 0, 0, 0
40, dungeons_arise:aviary, HEADING, header:ignore, 0, 0, 0
41, dungeons_arise:aviary, MONSTER, minecraft:phantom, 60, 2, 3
42, totw_modded:badlands, HEADING, header:ignore, 0, 0, 0
43, dungeons_arise:bandit_towers, HEADING, header:ignore, 0, 0, 0
44, dungeons_arise:bandit_village, HEADING, header:ignore, 0, 0, 0
45, minecraft:bastion_remnant, HEADING, header:ignore, 0, 0, 0
46, repurposed_structures:bastion_underground, HEADING, header:ignore, 0, 0, 0
47, repurposed_structures:bastion_underground, MONSTER, minecraft:skeleton, 10, 1, 4
48, dungeons_arise:bathhouse, HEADING, header:ignore, 0, 0, 0
49, idas:bazaar, HEADING, header:ignore, 0, 0, 0
50, beachparty:beach_hut, HEADING, header:ignore, 0, 0, 0
51, idas:bearclaw_inn, HEADING, header:ignore, 0, 0, 0
52, idas:beekeepers_house, HEADING, header:ignore, 0, 0, 0
53, valhelsia_structures:big_tree, HEADING, header:ignore, 0, 0, 0
54, idas:brickhouse, HEADING, header:ignore, 0, 0, 0
55, minecraft:buried_treasure, HEADING, header:ignore, 0, 0, 0
56, cataclysm:burning_arena, HEADING, header:ignore, 0, 0, 0
57, idas:castle, HEADING, header:ignore, 0, 0, 0
58, valhelsia_structures:castle, HEADING, header:ignore, 0, 0, 0
59, valhelsia_structures:castle_ruin, HEADING, header:ignore, 0, 0, 0
60, irons_spellbooks:catacombs, HEADING, header:ignore, 0, 0, 0
61, irons_spellbooks:catacombs, MONSTER, irons_spellbooks:catacombs_zombie, 10, 1, 1
62, irons_spellbooks:catacombs, MONSTER, minecraft:skeleton, 5, 1, 1
63, irons_spellbooks:catacombs, MONSTER, irons_spellbooks:necromancer, 2, 1, 1
64, dungeons_arise:ceryneian_hind, HEADING, header:ignore, 0, 0, 0
65, repurposed_structures:city_nether, HEADING, header:ignore, 0, 0, 0
66, repurposed_structures:city_nether, MONSTER, minecraft:wither_skeleton, 10, 2, 3
67, repurposed_structures:city_nether, MONSTER, minecraft:blaze, 120, 1, 4
68, repurposed_structures:city_overworld, HEADING, header:ignore, 0, 0, 0
69, born_in_chaos_v1:clown_caravan_plains, HEADING, header:ignore, 0, 0, 0
70, born_in_chaos_v1:clown_caravan_savanna, HEADING, header:ignore, 0, 0, 0
71, born_in_chaos_v1:clown_caravan_taiga, HEADING, header:ignore, 0, 0, 0
72, dungeons_arise:coliseum, HEADING, header:ignore, 0, 0, 0
73, idas:cottage, HEADING, header:ignore, 0, 0, 0
74, graveyard:crypt, HEADING, header:ignore, 0, 0, 0
75, graveyard:crypt, MONSTER, graveyard:acolyte, 25, 1, 1
76, graveyard:crypt, MONSTER, graveyard:corrupted_vindicator, 35, 1, 3
77, graveyard:crypt, MONSTER, graveyard:corrupted_pillager, 35, 1, 3
78, cataclysm:cursed_pyramid, HEADING, header:ignore, 0, 0, 0
79, ati_structures:dark_keep, HEADING, header:ignore, 0, 0, 0
80, ati_structures:dark_tower, HEADING, header:ignore, 0, 0, 0
81, born_in_chaos_v1:dark_tower_forest, HEADING, header:ignore, 0, 0, 0
82, born_in_chaos_v1:dark_tower_plain, HEADING, header:ignore, 0, 0, 0
83, born_in_chaos_v1:dark_tower_taiga, HEADING, header:ignore, 0, 0, 0
84, graveyard:dead_tree, HEADING, header:ignore, 0, 0, 0
85, call_of_yucutan:deadly_crypt, HEADING, header:ignore, 0, 0, 0
86, valhelsia_structures:deep_spawner_room, HEADING, header:ignore, 0, 0, 0
87, ati_structures:deepslate_keep, HEADING, header:ignore, 0, 0, 0
88, totw_modded:derelict, HEADING, header:ignore, 0, 0, 0
89, totw_modded:derelict_grass, HEADING, header:ignore, 0, 0, 0
90, totw_modded:desert, HEADING, header:ignore, 0, 0, 0
91, idas:desert_camp/desert_camp, HEADING, header:ignore, 0, 0, 0
92, idas:desert_camp/desert_camp_bygwindswept, HEADING, header:ignore, 0, 0, 0
93, idas:desert_camp/desert_camp_orange, HEADING, header:ignore, 0, 0, 0
94, idas:desert_camp/desert_camp_red, HEADING, header:ignore, 0, 0, 0
95, valhelsia_structures:desert_house, HEADING, header:ignore, 0, 0, 0
96, idas:desert_market/desert_market, HEADING, header:ignore, 0, 0, 0
97, idas:desert_market/desert_market_orange, HEADING, header:ignore, 0, 0, 0
98, idas:desert_market/desert_market_red, HEADING, header:ignore, 0, 0, 0
99, ati_structures:desert_outpost, HEADING, header:ignore, 0, 0, 0
100, minecraft:desert_pyramid, HEADING, header:ignore, 0, 0, 0
101, betterdeserttemples:desert_temple, HEADING, header:ignore, 0, 0, 0
102, betterdeserttemples:desert_temple, MONSTER, minecraft:husk, 100, 10, 32
103, betterdeserttemples:desert_temple, CREATURE, minecraft:cat, 100, 4, 4
104, betterdeserttemples:desert_temple, CREATURE, minecraft:rabbit, 100, 4, 4
105, idas:dig_site/dig_site, HEADING, header:ignore, 0, 0, 0
106, idas:dig_site/dig_site_desert, HEADING, header:ignore, 0, 0, 0
107, ati_structures:dojo, HEADING, header:ignore, 0, 0, 0
108, dungeoncrawl:dungeon, HEADING, header:ignore, 0, 0, 0
109, idas:enchantingtower, HEADING, header:ignore, 0, 0, 0
110, totw_modded:end, HEADING, header:ignore, 0, 0, 0
111, minecraft:end_city, HEADING, header:ignore, 0, 0, 0
112, minecraft:end_city, MONSTER, alexsmobs:mimicube, 40, 1, 3
113, betterend:end_village, HEADING, header:ignore, 0, 0, 0
114, betterend:eternal_portal, HEADING, header:ignore, 0, 0, 0
115, totw_modded:everbright, HEADING, header:ignore, 0, 0, 0
116, totw_modded:everdawn, HEADING, header:ignore, 0, 0, 0
117, irons_spellbooks:evoker_fort, HEADING, header:ignore, 0, 0, 0
118, irons_spellbooks:evoker_fort, MONSTER, minecraft:pillager, 10, 2, 3
119, irons_spellbooks:evoker_fort, MONSTER, minecraft:vindicator, 5, 4, 4
120, beachparty:excavated_treasure, HEADING, header:ignore, 0, 0, 0
121, born_in_chaos_v1:farm, HEADING, header:ignore, 0, 0, 0
122, idas:farmhouse, HEADING, header:ignore, 0, 0, 0
123, born_in_chaos_v1:firewell, HEADING, header:ignore, 0, 0, 0
124, idas:fishermans_lodge, HEADING, header:ignore, 0, 0, 0
125, dungeons_arise:fishing_hut, HEADING, header:ignore, 0, 0, 0
126, valhelsia_structures:forge, HEADING, header:ignore, 0, 0, 0
127, ati_structures:fortified_temple, HEADING, header:ignore, 0, 0, 0
128, betterfortresses:fortress, HEADING, header:ignore, 0, 0, 0
129, betterfortresses:fortress, MONSTER, minecraft:blaze, 10, 2, 3
130, betterfortresses:fortress, MONSTER, minecraft:zombified_piglin, 5, 4, 4
131, betterfortresses:fortress, MONSTER, minecraft:wither_skeleton, 8, 5, 5
132, betterfortresses:fortress, MONSTER, minecraft:skeleton, 2, 5, 5
133, betterfortresses:fortress, MONSTER, minecraft:magma_cube, 3, 4, 4
134, minecraft:fortress, HEADING, header:ignore, 0, 0, 0
135, minecraft:fortress, MONSTER, minecraft:blaze, 10, 2, 3
136, minecraft:fortress, MONSTER, minecraft:zombified_piglin, 5, 4, 4
137, minecraft:fortress, MONSTER, minecraft:wither_skeleton, 8, 5, 5
138, minecraft:fortress, MONSTER, minecraft:skeleton, 2, 5, 5
139, minecraft:fortress, MONSTER, minecraft:magma_cube, 3, 4, 4
140, minecraft:fortress, MONSTER, cataclysm:ignited_berserker, 1, 1, 1
141, repurposed_structures:fortress_jungle, HEADING, header:ignore, 0, 0, 0
142, repurposed_structures:fortress_jungle, MONSTER, minecraft:wither_skeleton, 1, 1, 1
143, repurposed_structures:fortress_jungle, MONSTER, minecraft:skeleton, 10, 1, 3
144, repurposed_structures:fortress_jungle, MONSTER, minecraft:zombie, 10, 1, 4
145, repurposed_structures:fortress_jungle, MONSTER, minecraft:spider, 10, 1, 3
146, repurposed_structures:fortress_jungle, MONSTER, minecraft:creeper, 5, 1, 2
147, repurposed_structures:fortress_jungle, MONSTER, minecraft:enderman, 3, 1, 2
148, repurposed_structures:fortress_jungle, MONSTER, minecraft:witch, 2, 1, 2
149, dungeons_arise:foundry, HEADING, header:ignore, 0, 0, 0
150, cataclysm:frosted_prison, HEADING, header:ignore, 0, 0, 0
151, mowziesmobs:frostmaw_spawn, HEADING, header:ignore, 0, 0, 0
152, idas:frozen_crypt, HEADING, header:ignore, 0, 0, 0
153, betternether:gardens, HEADING, header:ignore, 0, 0, 0
154, betternether:ghast_hive, HEADING, header:ignore, 0, 0, 0
155, betterend:giant_ice_star, HEADING, header:ignore, 0, 0, 0
156, betterend:giant_mossy_glowshroom, HEADING, header:ignore, 0, 0, 0
157, dungeons_arise:giant_mushroom, HEADING, header:ignore, 0, 0, 0
158, graveyard:giant_mushroom, HEADING, header:ignore, 0, 0, 0
159, totw_modded:glacio, HEADING, header:ignore, 0, 0, 0
160, ati_structures:gnome_hut, HEADING, header:ignore, 0, 0, 0
161, iceandfire:gorgon_temple, HEADING, header:ignore, 0, 0, 0
162, ati_structures:granite_fort, HEADING, header:ignore, 0, 0, 0
163, born_in_chaos_v1:grave_2003wise, HEADING, header:ignore, 0, 0, 0
164, born_in_chaos_v1:grave_2_dling, HEADING, header:ignore, 0, 0, 0
165, born_in_chaos_v1:grave_darktitan, HEADING, header:ignore, 0, 0, 0
166, born_in_chaos_v1:grave_derivas, HEADING, header:ignore, 0, 0, 0
167, born_in_chaos_v1:grave_euthymia, HEADING, header:ignore, 0, 0, 0
168, born_in_chaos_v1:grave_feral, HEADING, header:ignore, 0, 0, 0
169, born_in_chaos_v1:grave_fubuki_banzai, HEADING, header:ignore, 0, 0, 0
170, born_in_chaos_v1:grave_memesus, HEADING, header:ignore, 0, 0, 0
171, born_in_chaos_v1:grave_mike_and_rory, HEADING, header:ignore, 0, 0, 0
172, born_in_chaos_v1:grave_orion, HEADING, header:ignore, 0, 0, 0
173, born_in_chaos_v1:grave_petasi, HEADING, header:ignore, 0, 0, 0
174, born_in_chaos_v1:grave_somfunambulist, HEADING, header:ignore, 0, 0, 0
175, born_in_chaos_v1:gravecarrionexe, HEADING, header:ignore, 0, 0, 0
176, iceandfire:graveyard, HEADING, header:ignore, 0, 0, 0
177, dungeons_arise:greenwood_pub, HEADING, header:ignore, 0, 0, 0
178, graveyard:haunted_house, HEADING, header:ignore, 0, 0, 0
179, idas:haunted_manor, HEADING, header:ignore, 0, 0, 0
180, idas:haunted_manor, MONSTER, quark:wraith, 3, 3, 4
181, ati_structures:haunted_ruin, HEADING, header:ignore, 0, 0, 0
182, dungeons_arise:heavenly_challenger, HEADING, header:ignore, 0, 0, 0
183, dungeons_arise:heavenly_conqueror, HEADING, header:ignore, 0, 0, 0
184, dungeons_arise:heavenly_rider, HEADING, header:ignore, 0, 0, 0
185, idas:hermits_hollow, HEADING, header:ignore, 0, 0, 0
186, ati_structures:herobrine_stronghold, HEADING, header:ignore, 0, 0, 0
187, idas:hunters_cabin, HEADING, header:ignore, 0, 0, 0
188, totw_modded:ice, HEADING, header:ignore, 0, 0, 0
189, aquamirae:ice_maze/arch, HEADING, header:ignore, 0, 0, 0
190, aquamirae:ice_maze/arch, MONSTER, aquamirae:maw, 50, 1, 2
191, aquamirae:ice_maze/arch, AMBIENT, aquamirae:golden_moth, 3, 1, 2
192, aquamirae:ice_maze/common, HEADING, header:ignore, 0, 0, 0
193, aquamirae:ice_maze/common, MONSTER, aquamirae:maw, 50, 1, 2
194, aquamirae:ice_maze/spiral, HEADING, header:ignore, 0, 0, 0
195, aquamirae:ice_maze/spiral, MONSTER, aquamirae:maw, 50, 2, 6
196, ati_structures:ice_tribe, HEADING, header:ignore, 0, 0, 0
197, ati_structures:ice_tribe, MONSTER, minecraft:pig, 1, 1, 2
198, idas:iceandfire/dread_citadel, HEADING, header:ignore, 0, 0, 0
199, minecraft:igloo, HEADING, header:ignore, 0, 0, 0
200, repurposed_structures:igloo_grassy, HEADING, header:ignore, 0, 0, 0
201, repurposed_structures:igloo_mangrove, HEADING, header:ignore, 0, 0, 0
202, repurposed_structures:igloo_mushroom, HEADING, header:ignore, 0, 0, 0
203, repurposed_structures:igloo_stone, HEADING, header:ignore, 0, 0, 0
204, dungeons_arise:illager_campsite, HEADING, header:ignore, 0, 0, 0
205, dungeons_arise:illager_corsair, HEADING, header:ignore, 0, 0, 0
206, dungeons_arise:illager_fort, HEADING, header:ignore, 0, 0, 0
207, dungeons_arise:illager_galley, HEADING, header:ignore, 0, 0, 0
208, ati_structures:illager_homestead, HEADING, header:ignore, 0, 0, 0
209, ati_structures:illager_tower, HEADING, header:ignore, 0, 0, 0
210, dungeons_arise:illager_windmill, HEADING, header:ignore, 0, 0, 0
211, irons_spellbooks:impaled_icebreaker, HEADING, header:ignore, 0, 0, 0
212, born_in_chaos_v1:infernal_pumpkin, HEADING, header:ignore, 0, 0, 0
213, dungeons_arise:infested_temple, HEADING, header:ignore, 0, 0, 0
214, totw_modded:jungle, HEADING, header:ignore, 0, 0, 0
215, ati_structures:jungle_grotto, HEADING, header:ignore, 0, 0, 0
216, minecraft:jungle_pyramid, HEADING, header:ignore, 0, 0, 0
217, ati_structures:jungle_settlement, HEADING, header:ignore, 0, 0, 0
218, betterjungletemples:jungle_temple, HEADING, header:ignore, 0, 0, 0
219, betternether:jungle_temples, HEADING, header:ignore, 0, 0, 0
220, dungeons_arise:jungle_tree_house, HEADING, header:ignore, 0, 0, 0
221, dungeons_arise:keep_kayra, HEADING, header:ignore, 0, 0, 0
222, atmospheric:kousa_sanctum, HEADING, header:ignore, 0, 0, 0
223, idas:labyrinth, HEADING, header:ignore, 0, 0, 0
224, graveyard:large_graveyard, HEADING, header:ignore, 0, 0, 0
225, graveyard:large_graveyard, MONSTER, graveyard:skeleton_creeper, 35, 1, 1
226, graveyard:large_graveyard, MONSTER, graveyard:revenant, 45, 1, 3
227, graveyard:large_graveyard, MONSTER, graveyard:ghoul, 50, 2, 4
228, graveyard:lich_prison, HEADING, header:ignore, 0, 0, 0
229, ati_structures:lighthouse, HEADING, header:ignore, 0, 0, 0
230, dungeons_arise:lighthouse, HEADING, header:ignore, 0, 0, 0
231, environmental:log_cabin, HEADING, header:ignore, 0, 0, 0
232, idas:lumber_camp/lumber_camp_acacia, HEADING, header:ignore, 0, 0, 0
233, idas:lumber_camp/lumber_camp_birch, HEADING, header:ignore, 0, 0, 0
234, idas:lumber_camp/lumber_camp_bopmahogany, HEADING, header:ignore, 0, 0, 0
235, idas:lumber_camp/lumber_camp_bopredwood, HEADING, header:ignore, 0, 0, 0
236, idas:lumber_camp/lumber_camp_bygmahogany, HEADING, header:ignore, 0, 0, 0
237, idas:lumber_camp/lumber_camp_bygredwood, HEADING, header:ignore, 0, 0, 0
238, idas:lumber_camp/lumber_camp_dark_oak, HEADING, header:ignore, 0, 0, 0
239, idas:lumber_camp/lumber_camp_jungle, HEADING, header:ignore, 0, 0, 0
240, idas:lumber_camp/lumber_camp_oak, HEADING, header:ignore, 0, 0, 0
241, idas:lumber_camp/lumber_camp_spruce, HEADING, header:ignore, 0, 0, 0
242, irons_spellbooks:mangrove_hut, HEADING, header:ignore, 0, 0, 0
243, ati_structures:manor, HEADING, header:ignore, 0, 0, 0
244, ati_structures:manor, MONSTER, minecraft:pillager, 1, 1, 1
245, minecraft:mansion, HEADING, header:ignore, 0, 0, 0
246, repurposed_structures:mansion_birch, HEADING, header:ignore, 0, 0, 0
247, repurposed_structures:mansion_desert, HEADING, header:ignore, 0, 0, 0
248, repurposed_structures:mansion_jungle, HEADING, header:ignore, 0, 0, 0
249, repurposed_structures:mansion_mangrove, HEADING, header:ignore, 0, 0, 0
250, repurposed_structures:mansion_oak, HEADING, header:ignore, 0, 0, 0
251, repurposed_structures:mansion_savanna, HEADING, header:ignore, 0, 0, 0
252, repurposed_structures:mansion_snowy, HEADING, header:ignore, 0, 0, 0
253, repurposed_structures:mansion_taiga, HEADING, header:ignore, 0, 0, 0
254, ati_structures:marble_chateau, HEADING, header:ignore, 0, 0, 0
255, totw_modded:mars, HEADING, header:ignore, 0, 0, 0
256, iceandfire:mausoleum, HEADING, header:ignore, 0, 0, 0
257, dungeons_arise:mechanical_nest, HEADING, header:ignore, 0, 0, 0
258, graveyard:medium_graveyard, HEADING, header:ignore, 0, 0, 0
259, graveyard:medium_graveyard, MONSTER, graveyard:skeleton_creeper, 35, 1, 1
260, graveyard:medium_graveyard, MONSTER, graveyard:revenant, 45, 1, 3
261, graveyard:medium_graveyard, MONSTER, graveyard:ghoul, 50, 2, 4
262, betterend:megalake, HEADING, header:ignore, 0, 0, 0
263, betterend:megalake_small, HEADING, header:ignore, 0, 0, 0
264, graveyard:memorial_tree, HEADING, header:ignore, 0, 0, 0
265, dungeons_arise:merchant_campsite, HEADING, header:ignore, 0, 0, 0
266, totw_modded:mercury, HEADING, header:ignore, 0, 0, 0
267, minecraft:mineshaft, HEADING, header:ignore, 0, 0, 0
268, minecraft:mineshaft, AMBIENT, alexsmobs:underminer, 50, 1, 1
269, bettermineshafts:mineshaft_acacia, HEADING, header:ignore, 0, 0, 0
270, bettermineshafts:mineshaft_acacia, AMBIENT, alexsmobs:underminer, 50, 1, 1
271, repurposed_structures:mineshaft_birch, HEADING, header:ignore, 0, 0, 0
272, repurposed_structures:mineshaft_birch, AMBIENT, alexsmobs:underminer, 50, 1, 1
273, repurposed_structures:mineshaft_crimson, HEADING, header:ignore, 0, 0, 0
274, repurposed_structures:mineshaft_crimson, AMBIENT, alexsmobs:underminer, 50, 1, 1
275, repurposed_structures:mineshaft_dark_forest, HEADING, header:ignore, 0, 0, 0
276, repurposed_structures:mineshaft_dark_forest, AMBIENT, alexsmobs:underminer, 50, 1, 1
277, bettermineshafts:mineshaft_desert, HEADING, header:ignore, 0, 0, 0
278, bettermineshafts:mineshaft_desert, AMBIENT, alexsmobs:underminer, 50, 1, 1
279, repurposed_structures:mineshaft_desert, HEADING, header:ignore, 0, 0, 0
280, repurposed_structures:mineshaft_desert, AMBIENT, alexsmobs:underminer, 50, 1, 1
281, bettermineshafts:mineshaft_dripstone, HEADING, header:ignore, 0, 0, 0
282, bettermineshafts:mineshaft_dripstone, AMBIENT, alexsmobs:underminer, 50, 1, 1
283, repurposed_structures:mineshaft_end, HEADING, header:ignore, 0, 0, 0
284, repurposed_structures:mineshaft_end, MONSTER, minecraft:endermite, 10, 2, 5
285, repurposed_structures:mineshaft_end, MONSTER, minecraft:enderman, 5, 1, 3
286, repurposed_structures:mineshaft_end, AMBIENT, alexsmobs:underminer, 50, 1, 1
287, bettermineshafts:mineshaft_ice, HEADING, header:ignore, 0, 0, 0
288, bettermineshafts:mineshaft_ice, AMBIENT, alexsmobs:underminer, 50, 1, 1
289, repurposed_structures:mineshaft_icy, HEADING, header:ignore, 0, 0, 0
290, repurposed_structures:mineshaft_icy, AMBIENT, alexsmobs:underminer, 50, 1, 1
291, bettermineshafts:mineshaft_jungle, HEADING, header:ignore, 0, 0, 0
292, bettermineshafts:mineshaft_jungle, AMBIENT, alexsmobs:underminer, 50, 1, 1
293, repurposed_structures:mineshaft_jungle, HEADING, header:ignore, 0, 0, 0
294, repurposed_structures:mineshaft_jungle, AMBIENT, alexsmobs:underminer, 50, 1, 1
295, bettermineshafts:mineshaft_lush, HEADING, header:ignore, 0, 0, 0
296, bettermineshafts:mineshaft_lush, AMBIENT, alexsmobs:underminer, 50, 1, 1
297, bettermineshafts:mineshaft_mesa, HEADING, header:ignore, 0, 0, 0
298, bettermineshafts:mineshaft_mesa, AMBIENT, alexsmobs:underminer, 50, 1, 1
299, minecraft:mineshaft_mesa, HEADING, header:ignore, 0, 0, 0
300, minecraft:mineshaft_mesa, AMBIENT, alexsmobs:underminer, 50, 1, 1
301, bettermineshafts:mineshaft_mushroom, HEADING, header:ignore, 0, 0, 0
302, bettermineshafts:mineshaft_mushroom, AMBIENT, alexsmobs:underminer, 50, 1, 1
303, repurposed_structures:mineshaft_nether, HEADING, header:ignore, 0, 0, 0
304, repurposed_structures:mineshaft_nether, AMBIENT, alexsmobs:underminer, 50, 1, 1
305, bettermineshafts:mineshaft_oak, HEADING, header:ignore, 0, 0, 0
306, bettermineshafts:mineshaft_oak, AMBIENT, alexsmobs:underminer, 50, 1, 1
307, repurposed_structures:mineshaft_ocean, HEADING, header:ignore, 0, 0, 0
308, repurposed_structures:mineshaft_ocean, AMBIENT, alexsmobs:underminer, 50, 1, 1
309, bettermineshafts:mineshaft_overgrown, HEADING, header:ignore, 0, 0, 0
310, bettermineshafts:mineshaft_overgrown, AMBIENT, alexsmobs:underminer, 50, 1, 1
311, bettermineshafts:mineshaft_red_desert, HEADING, header:ignore, 0, 0, 0
312, bettermineshafts:mineshaft_red_desert, AMBIENT, alexsmobs:underminer, 50, 1, 1
313, repurposed_structures:mineshaft_savanna, HEADING, header:ignore, 0, 0, 0
314, repurposed_structures:mineshaft_savanna, AMBIENT, alexsmobs:underminer, 50, 1, 1
315, bettermineshafts:mineshaft_spruce, HEADING, header:ignore, 0, 0, 0
316, bettermineshafts:mineshaft_spruce, AMBIENT, alexsmobs:underminer, 50, 1, 1
317, bettermineshafts:mineshaft_spruce_snowy, HEADING, header:ignore, 0, 0, 0
318, bettermineshafts:mineshaft_spruce_snowy, AMBIENT, alexsmobs:underminer, 50, 1, 1
319, repurposed_structures:mineshaft_stone, HEADING, header:ignore, 0, 0, 0
320, repurposed_structures:mineshaft_stone, AMBIENT, alexsmobs:underminer, 50, 1, 1
321, repurposed_structures:mineshaft_swamp, HEADING, header:ignore, 0, 0, 0
322, repurposed_structures:mineshaft_swamp, AMBIENT, alexsmobs:underminer, 50, 1, 1
323, repurposed_structures:mineshaft_taiga, HEADING, header:ignore, 0, 0, 0
324, repurposed_structures:mineshaft_taiga, AMBIENT, alexsmobs:underminer, 50, 1, 1
325, repurposed_structures:mineshaft_warped, HEADING, header:ignore, 0, 0, 0
326, repurposed_structures:mineshaft_warped, AMBIENT, alexsmobs:underminer, 50, 1, 1
327, dungeons_arise:mining_system, HEADING, header:ignore, 0, 0, 0
328, dungeons_arise:monastery, HEADING, header:ignore, 0, 0, 0
329, mowziesmobs:monastery, HEADING, header:ignore, 0, 0, 0
330, mowziesmobs:monastery, MONSTER, mowziesmobs:bluff, 100, 1, 2
331, ati_structures:monastery_tower, HEADING, header:ignore, 0, 0, 0
332, minecraft:monument, HEADING, header:ignore, 0, 0, 0
333, minecraft:monument, MONSTER, minecraft:guardian, 1, 2, 4
334, repurposed_structures:monument_desert, HEADING, header:ignore, 0, 0, 0
335, repurposed_structures:monument_desert, MONSTER, minecraft:husk, 20, 1, 4
336, repurposed_structures:monument_desert, MONSTER, minecraft:creeper, 15, 1, 2
337, repurposed_structures:monument_desert, MONSTER, minecraft:skeleton, 10, 1, 3
338, repurposed_structures:monument_icy, HEADING, header:ignore, 0, 0, 0
339, repurposed_structures:monument_icy, MONSTER, minecraft:stray, 40, 1, 3
340, repurposed_structures:monument_icy, MONSTER, minecraft:vex, 1, 1, 2
341, repurposed_structures:monument_jungle, HEADING, header:ignore, 0, 0, 0
342, repurposed_structures:monument_jungle, MONSTER, minecraft:husk, 20, 1, 4
343, repurposed_structures:monument_jungle, MONSTER, minecraft:creeper, 15, 1, 2
344, repurposed_structures:monument_jungle, MONSTER, minecraft:skeleton, 10, 1, 3
345, repurposed_structures:monument_nether, HEADING, header:ignore, 0, 0, 0
346, repurposed_structures:monument_nether, MONSTER, minecraft:magma_cube, 20, 1, 3
347, repurposed_structures:monument_nether, MONSTER, minecraft:wither_skeleton, 10, 1, 3
348, repurposed_structures:monument_nether, MONSTER, minecraft:ghast, 5, 1, 1
349, totw_modded:moon, HEADING, header:ignore, 0, 0, 0
350, ati_structures:mosque, HEADING, header:ignore, 0, 0, 0
351, born_in_chaos_v1:mound_of_hounds, HEADING, header:ignore, 0, 0, 0
352, betterend:mountain, HEADING, header:ignore, 0, 0, 0
353, irons_spellbooks:mountain_tower, HEADING, header:ignore, 0, 0, 0
354, ati_structures:mud_tower, HEADING, header:ignore, 0, 0, 0
355, graveyard:mushroom_grave, HEADING, header:ignore, 0, 0, 0
356, dungeons_arise:mushroom_house, HEADING, header:ignore, 0, 0, 0
357, dungeons_arise:mushroom_mines, HEADING, header:ignore, 0, 0, 0
358, dungeons_arise:mushroom_village, HEADING, header:ignore, 0, 0, 0
359, idas:necromancers_spire, HEADING, header:ignore, 0, 0, 0
360, idas:necromancers_spire, MONSTER, quark:wraith, 10, 1, 1
361, totw_modded:nether, HEADING, header:ignore, 0, 0, 0
362, betternether:nether_city, HEADING, header:ignore, 0, 0, 0
363, minecraft:nether_fossil, HEADING, header:ignore, 0, 0, 0
364, minecraft:nether_fossil, MONSTER, alexsmobs:soul_vulture, 30, 1, 1
365, paraglider:nether_horned_statue, HEADING, header:ignore, 0, 0, 0
366, idas:nexus, HEADING, header:ignore, 0, 0, 0
367, idas:nexus, MONSTER, minecraft:silverfish, 3, 1, 4
368, idas:nexus, MONSTER, quark:wraith, 3, 1, 4
369, ati_structures:nomadic_camp, HEADING, header:ignore, 0, 0, 0
370, ati_structures:nomadic_camp, MONSTER, minecraft:pillager, 1, 1, 1
371, born_in_chaos_v1:observation_tower_forest, HEADING, header:ignore, 0, 0, 0
372, born_in_chaos_v1:observation_tower_plains, HEADING, header:ignore, 0, 0, 0
373, totw_modded:ocean, HEADING, header:ignore, 0, 0, 0
374, betteroceanmonuments:ocean_monument, HEADING, header:ignore, 0, 0, 0
375, betteroceanmonuments:ocean_monument, MONSTER, minecraft:guardian, 1, 2, 4
376, minecraft:ocean_ruin_cold, HEADING, header:ignore, 0, 0, 0
377, minecraft:ocean_ruin_warm, HEADING, header:ignore, 0, 0, 0
378, totw_modded:ocean_warm, HEADING, header:ignore, 0, 0, 0
379, ati_structures:old_fort, HEADING, header:ignore, 0, 0, 0
380, ati_structures:old_home, HEADING, header:ignore, 0, 0, 0
381, aquamirae:outpost, HEADING, header:ignore, 0, 0, 0
382, aquamirae:outpost, MONSTER, minecraft:pillager, 10, 1, 2
383, aquamirae:outpost, MONSTER, minecraft:vindicator, 5, 1, 1
384, repurposed_structures:outpost_badlands, HEADING, header:ignore, 0, 0, 0
385, repurposed_structures:outpost_badlands, MONSTER, minecraft:pillager, 10, 1, 1
386, repurposed_structures:outpost_birch, HEADING, header:ignore, 0, 0, 0
387, repurposed_structures:outpost_birch, MONSTER, minecraft:pillager, 10, 1, 1
388, repurposed_structures:outpost_crimson, HEADING, header:ignore, 0, 0, 0
389, repurposed_structures:outpost_crimson, MONSTER, minecraft:piglin, 10, 1, 1
390, repurposed_structures:outpost_desert, HEADING, header:ignore, 0, 0, 0
391, repurposed_structures:outpost_desert, MONSTER, minecraft:pillager, 10, 1, 1
392, repurposed_structures:outpost_end, HEADING, header:ignore, 0, 0, 0
393, repurposed_structures:outpost_end, MONSTER, minecraft:phantom, 10, 1, 1
394, repurposed_structures:outpost_giant_tree_taiga, HEADING, header:ignore, 0, 0, 0
395, repurposed_structures:outpost_giant_tree_taiga, MONSTER, minecraft:pillager, 10, 1, 1
396, repurposed_structures:outpost_icy, HEADING, header:ignore, 0, 0, 0
397, repurposed_structures:outpost_icy, MONSTER, minecraft:pillager, 10, 1, 1
398, repurposed_structures:outpost_jungle, HEADING, header:ignore, 0, 0, 0
399, repurposed_structures:outpost_jungle, MONSTER, minecraft:pillager, 10, 1, 1
400, repurposed_structures:outpost_mangrove, HEADING, header:ignore, 0, 0, 0
401, repurposed_structures:outpost_mangrove, MONSTER, minecraft:pillager, 10, 1, 1
402, repurposed_structures:outpost_nether_brick, HEADING, header:ignore, 0, 0, 0
403, repurposed_structures:outpost_nether_brick, MONSTER, minecraft:piglin, 10, 1, 1
404, repurposed_structures:outpost_oak, HEADING, header:ignore, 0, 0, 0
405, repurposed_structures:outpost_oak, MONSTER, minecraft:pillager, 10, 1, 1
406, repurposed_structures:outpost_snowy, HEADING, header:ignore, 0, 0, 0
407, repurposed_structures:outpost_snowy, MONSTER, minecraft:pillager, 10, 1, 1
408, repurposed_structures:outpost_taiga, HEADING, header:ignore, 0, 0, 0
409, repurposed_structures:outpost_taiga, MONSTER, minecraft:pillager, 10, 1, 1
410, repurposed_structures:outpost_warped, HEADING, header:ignore, 0, 0, 0
411, repurposed_structures:outpost_warped, MONSTER, minecraft:piglin, 10, 1, 1
412, ati_structures:overgrown_outpost, HEADING, header:ignore, 0, 0, 0
413, call_of_yucutan:overgrown_temple, HEADING, header:ignore, 0, 0, 0
414, betterend:painted_mountain, HEADING, header:ignore, 0, 0, 0
415, idas:pillager_camp, HEADING, header:ignore, 0, 0, 0
416, idas:pillager_fortress, HEADING, header:ignore, 0, 0, 0
417, minecraft:pillager_outpost, HEADING, header:ignore, 0, 0, 0
418, minecraft:pillager_outpost, MONSTER, minecraft:pillager, 1, 1, 1
419, betternether:pillars, HEADING, header:ignore, 0, 0, 0
420, dungeons_arise:plague_asylum, HEADING, header:ignore, 0, 0, 0
421, valhelsia_structures:player_house, HEADING, header:ignore, 0, 0, 0
422, betternether:portals, HEADING, header:ignore, 0, 0, 0
423, ati_structures:pufferfish_cave, HEADING, header:ignore, 0, 0, 0
424, betternether:pyramid, HEADING, header:ignore, 0, 0, 0
425, repurposed_structures:pyramid_badlands, HEADING, header:ignore, 0, 0, 0
426, repurposed_structures:pyramid_dark_forest, HEADING, header:ignore, 0, 0, 0
427, repurposed_structures:pyramid_end, HEADING, header:ignore, 0, 0, 0
428, repurposed_structures:pyramid_flower_forest, HEADING, header:ignore, 0, 0, 0
429, repurposed_structures:pyramid_giant_tree_taiga, HEADING, header:ignore, 0, 0, 0
430, repurposed_structures:pyramid_icy, HEADING, header:ignore, 0, 0, 0
431, repurposed_structures:pyramid_jungle, HEADING, header:ignore, 0, 0, 0
432, repurposed_structures:pyramid_mushroom, HEADING, header:ignore, 0, 0, 0
433, repurposed_structures:pyramid_nether, HEADING, header:ignore, 0, 0, 0
434, repurposed_structures:pyramid_ocean, HEADING, header:ignore, 0, 0, 0
435, repurposed_structures:pyramid_snowy, HEADING, header:ignore, 0, 0, 0
436, irons_spellbooks:pyromancer_tower, HEADING, header:ignore, 0, 0, 0
437, ati_structures:quarry, HEADING, header:ignore, 0, 0, 0
438, totw_modded:ratlantis, HEADING, header:ignore, 0, 0, 0
439, idas:redhorn_guild, HEADING, header:ignore, 0, 0, 0
440, totw_modded:regular, HEADING, header:ignore, 0, 0, 0
441, betternether:respawn_points, HEADING, header:ignore, 0, 0, 0
442, beachparty:ritual_circle, HEADING, header:ignore, 0, 0, 0
443, ati_structures:rotten_log, HEADING, header:ignore, 0, 0, 0
444, ati_structures:rotting_temple, HEADING, header:ignore, 0, 0, 0
445, ati_structures:rotting_temple, MONSTER, minecraft:zombie, 1, 1, 3
446, ati_structures:rotting_temple_underground, HEADING, header:ignore, 0, 0, 0
447, ati_structures:rotting_temple_underground, MONSTER, minecraft:zombie, 1, 1, 3
448, ati_structures:ruined_castle, HEADING, header:ignore, 0, 0, 0
449, cataclysm:ruined_citadel, HEADING, header:ignore, 0, 0, 0
450, cataclysm:ruined_citadel, MONSTER, cataclysm:endermaptera, 3, 1, 1
451, minecraft:ruined_portal, HEADING, header:ignore, 0, 0, 0
452, minecraft:ruined_portal_desert, HEADING, header:ignore, 0, 0, 0
453, repurposed_structures:ruined_portal_end, HEADING, header:ignore, 0, 0, 0
454, minecraft:ruined_portal_jungle, HEADING, header:ignore, 0, 0, 0
455, minecraft:ruined_portal_mountain, HEADING, header:ignore, 0, 0, 0
456, minecraft:ruined_portal_nether, HEADING, header:ignore, 0, 0, 0
457, minecraft:ruined_portal_ocean, HEADING, header:ignore, 0, 0, 0
458, minecraft:ruined_portal_swamp, HEADING, header:ignore, 0, 0, 0
459, graveyard:ruins, HEADING, header:ignore, 0, 0, 0
460, graveyard:ruins, MONSTER, graveyard:skeleton_creeper, 35, 1, 1
461, graveyard:ruins, MONSTER, graveyard:revenant, 45, 1, 3
462, graveyard:ruins, MONSTER, graveyard:ghoul, 50, 1, 2
463, repurposed_structures:ruins_land_cold, HEADING, header:ignore, 0, 0, 0
464, repurposed_structures:ruins_land_hot, HEADING, header:ignore, 0, 0, 0
465, repurposed_structures:ruins_land_icy, HEADING, header:ignore, 0, 0, 0
466, repurposed_structures:ruins_land_warm, HEADING, header:ignore, 0, 0, 0
467, repurposed_structures:ruins_nether, HEADING, header:ignore, 0, 0, 0
468, idas:ruins_of_the_deep, HEADING, header:ignore, 0, 0, 0
469, dungeons_arise:scorched_mines, HEADING, header:ignore, 0, 0, 0
470, ati_structures:sculk_deposit, HEADING, header:ignore, 0, 0, 0
471, aquamirae:shelter, HEADING, header:ignore, 0, 0, 0
472, aquamirae:ship, HEADING, header:ignore, 0, 0, 0
473, aquamirae:ship, MONSTER, minecraft:pillager, 10, 1, 2
474, aquamirae:ship, MONSTER, minecraft:vindicator, 5, 1, 1
475, minecraft:shipwreck, HEADING, header:ignore, 0, 0, 0
476, minecraft:shipwreck, MONSTER, alexsmobs:skelewag, 15, 1, 2
477, minecraft:shipwreck_beached, HEADING, header:ignore, 0, 0, 0
478, repurposed_structures:shipwreck_crimson, HEADING, header:ignore, 0, 0, 0
479, repurposed_structures:shipwreck_crimson, MONSTER, minecraft:wither_skeleton, 10, 1, 1
480, repurposed_structures:shipwreck_end, HEADING, header:ignore, 0, 0, 0
481, repurposed_structures:shipwreck_nether_bricks, HEADING, header:ignore, 0, 0, 0
482, repurposed_structures:shipwreck_nether_bricks, MONSTER, minecraft:wither_skeleton, 10, 1, 1
483, repurposed_structures:shipwreck_warped, HEADING, header:ignore, 0, 0, 0
484, repurposed_structures:shipwreck_warped, MONSTER, minecraft:wither_skeleton, 10, 1, 1
485, dungeons_arise:shiraz_palace, HEADING, header:ignore, 0, 0, 0
486, ati_structures:silverfish_nest, HEADING, header:ignore, 0, 0, 0
487, ati_structures:sinking_temple, HEADING, header:ignore, 0, 0, 0
488, ati_structures:sinking_temple, MONSTER, minecraft:drowned, 1, 1, 2
489, betterdungeons:skeleton_dungeon, HEADING, header:ignore, 0, 0, 0
490, betterdungeons:skeleton_dungeon, MONSTER, minecraft:skeleton, 100, 4, 15
491, skyvillages:skyvillage, HEADING, header:ignore, 0, 0, 0
492, dungeons_arise:small_blimp, HEADING, header:ignore, 0, 0, 0
493, graveyard:small_desert_grave, HEADING, header:ignore, 0, 0, 0
494, graveyard:small_desert_graveyard, HEADING, header:ignore, 0, 0, 0
495, graveyard:small_desert_graveyard, MONSTER, minecraft:vindicator, 1, 1, 1
496, graveyard:small_desert_graveyard, MONSTER, minecraft:pillager, 10, 1, 1
497, betterdungeons:small_dungeon, HEADING, header:ignore, 0, 0, 0
498, graveyard:small_grave, HEADING, header:ignore, 0, 0, 0
499, graveyard:small_graveyard, HEADING, header:ignore, 0, 0, 0
500, graveyard:small_graveyard, MONSTER, graveyard:skeleton_creeper, 35, 1, 1
501, graveyard:small_graveyard, MONSTER, graveyard:revenant, 45, 1, 3
502, graveyard:small_graveyard, MONSTER, graveyard:ghoul, 50, 1, 2
503, ati_structures:small_keep, HEADING, header:ignore, 0, 0, 0
504, graveyard:small_mountain_grave, HEADING, header:ignore, 0, 0, 0
505, betterdungeons:small_nether_dungeon, HEADING, header:ignore, 0, 0, 0
506, dungeons_arise:small_prairie_house, HEADING, header:ignore, 0, 0, 0
507, graveyard:small_savanna_grave, HEADING, header:ignore, 0, 0, 0
508, idas:snifferhenge, HEADING, header:ignore, 0, 0, 0
509, cataclysm:soul_black_smith, HEADING, header:ignore, 0, 0, 0
510, betternether:spawn_altar_ladder, HEADING, header:ignore, 0, 0, 0
511, valhelsia_structures:spawner_dungeon, HEADING, header:ignore, 0, 0, 0
512, valhelsia_structures:spawner_room, HEADING, header:ignore, 0, 0, 0
513, betterdungeons:spider_dungeon, HEADING, header:ignore, 0, 0, 0
514, betterdungeons:spider_dungeon, MONSTER, minecraft:spider, 100, 4, 15
515, betterdungeons:spider_dungeon, MONSTER, minecraft:cave_spider, 50, 4, 8
516, ati_structures:spider_nest, HEADING, header:ignore, 0, 0, 0
517, ati_structures:spider_nest, MONSTER, minecraft:spider, 1, 1, 3
518, ati_structures:spider_nest, MONSTER, minecraft:cave_spider, 1, 1, 2
519, ati_structures:steam_house, HEADING, header:ignore, 0, 0, 0
520, ati_structures:storage_house, HEADING, header:ignore, 0, 0, 0
521, ati_structures:stray_ruins, HEADING, header:ignore, 0, 0, 0
522, betterstrongholds:stronghold, HEADING, header:ignore, 0, 0, 0
523, minecraft:stronghold, HEADING, header:ignore, 0, 0, 0
524, repurposed_structures:stronghold_end, HEADING, header:ignore, 0, 0, 0
525, repurposed_structures:stronghold_end, MONSTER, minecraft:endermite, 100, 2, 4
526, repurposed_structures:stronghold_nether, HEADING, header:ignore, 0, 0, 0
527, repurposed_structures:stronghold_nether, MONSTER, minecraft:blaze, 10, 2, 3
528, repurposed_structures:stronghold_nether, MONSTER, minecraft:zombified_piglin, 3, 4, 4
529, repurposed_structures:stronghold_nether, MONSTER, minecraft:wither_skeleton, 10, 5, 5
530, repurposed_structures:stronghold_nether, MONSTER, minecraft:skeleton, 2, 5, 5
531, repurposed_structures:stronghold_nether, MONSTER, minecraft:magma_cube, 3, 4, 4
532, cataclysm:sunken_city, HEADING, header:ignore, 0, 0, 0
533, idas:sunken_ship/sunken_ship, HEADING, header:ignore, 0, 0, 0
534, idas:sunken_ship/sunken_ship, MONSTER, quark:wraith, 5, 1, 2
535, idas:sunken_ship/sunken_ship_coral, HEADING, header:ignore, 0, 0, 0
536, idas:sunken_ship/sunken_ship_coral, MONSTER, quark:wraith, 5, 1, 2
537, idas:sunken_ship/sunken_ship_ruins, HEADING, header:ignore, 0, 0, 0
538, minecraft:swamp_hut, HEADING, header:ignore, 0, 0, 0
539, minecraft:swamp_hut, MONSTER, minecraft:witch, 1, 1, 1
540, minecraft:swamp_hut, CREATURE, minecraft:cat, 1, 1, 1
541, paraglider:tarrey_town_goddess_statue, HEADING, header:ignore, 0, 0, 0
542, ati_structures:tavern, HEADING, header:ignore, 0, 0, 0
543, repurposed_structures:temple_nether_basalt, HEADING, header:ignore, 0, 0, 0
544, repurposed_structures:temple_nether_crimson, HEADING, header:ignore, 0, 0, 0
545, repurposed_structures:temple_nether_soul, HEADING, header:ignore, 0, 0, 0
546, repurposed_structures:temple_nether_warped, HEADING, header:ignore, 0, 0, 0
547, repurposed_structures:temple_nether_wasteland, HEADING, header:ignore, 0, 0, 0
548, repurposed_structures:temple_ocean, HEADING, header:ignore, 0, 0, 0
549, repurposed_structures:temple_taiga, HEADING, header:ignore, 0, 0, 0
550, conjurer_illager:theatre, HEADING, header:ignore, 0, 0, 0
551, dungeons_arise:thornborn_towers, HEADING, header:ignore, 0, 0, 0
552, idas:tinkers_citadel, HEADING, header:ignore, 0, 0, 0
553, idas:tinkers_workshop, HEADING, header:ignore, 0, 0, 0
554, valhelsia_structures:tower_ruin, HEADING, header:ignore, 0, 0, 0
555, minecraft:trail_ruins, HEADING, header:ignore, 0, 0, 0
556, idas:train_ruins, HEADING, header:ignore, 0, 0, 0
557, idas:tree_of_wisdom, HEADING, header:ignore, 0, 0, 0
558, idas:treetop_tavern, HEADING, header:ignore, 0, 0, 0
559, totw_modded:tw_canopy, HEADING, header:ignore, 0, 0, 0
560, totw_modded:tw_mangrove, HEADING, header:ignore, 0, 0, 0
561, dungeons_arise:typhon, HEADING, header:ignore, 0, 0, 0
562, mowziesmobs:umvuthana_grove, HEADING, header:ignore, 0, 0, 0
563, dungeons_arise:undead_pirate_ship, HEADING, header:ignore, 0, 0, 0
564, idas:underground_camp/underground_camp, HEADING, header:ignore, 0, 0, 0
565, idas:underground_camp/underground_camp_deep, HEADING, header:ignore, 0, 0, 0
566, paraglider:underground_horned_statue, HEADING, header:ignore, 0, 0, 0
567, ati_structures:underground_monument, HEADING, header:ignore, 0, 0, 0
568, ati_structures:underwater_dungeon, HEADING, header:ignore, 0, 0, 0
569, ati_structures:underwater_dungeon, MONSTER, minecraft:drowned, 2, 1, 2
570, ati_structures:underwater_dungeon, MONSTER, minecraft:guardian, 1, 1, 2
571, totw_modded:venus, HEADING, header:ignore, 0, 0, 0
572, repurposed_structures:village_badlands, HEADING, header:ignore, 0, 0, 0
573, repurposed_structures:village_bamboo, HEADING, header:ignore, 0, 0, 0
574, repurposed_structures:village_birch, HEADING, header:ignore, 0, 0, 0
575, repurposed_structures:village_cherry, HEADING, header:ignore, 0, 0, 0
576, repurposed_structures:village_crimson, HEADING, header:ignore, 0, 0, 0
577, repurposed_structures:village_dark_forest, HEADING, header:ignore, 0, 0, 0
578, minecraft:village_desert, HEADING, header:ignore, 0, 0, 0
579, repurposed_structures:village_giant_taiga, HEADING, header:ignore, 0, 0, 0
580, repurposed_structures:village_jungle, HEADING, header:ignore, 0, 0, 0
581, repurposed_structures:village_mountains, HEADING, header:ignore, 0, 0, 0
582, repurposed_structures:village_mushroom, HEADING, header:ignore, 0, 0, 0
583, repurposed_structures:village_oak, HEADING, header:ignore, 0, 0, 0
584, repurposed_structures:village_ocean, HEADING, header:ignore, 0, 0, 0
585, minecraft:village_plains, HEADING, header:ignore, 0, 0, 0
586, minecraft:village_savanna, HEADING, header:ignore, 0, 0, 0
587, atmospheric:village_scrubland, HEADING, header:ignore, 0, 0, 0
588, minecraft:village_snowy, HEADING, header:ignore, 0, 0, 0
589, repurposed_structures:village_swamp, HEADING, header:ignore, 0, 0, 0
590, minecraft:village_taiga, HEADING, header:ignore, 0, 0, 0
591, repurposed_structures:village_warped, HEADING, header:ignore, 0, 0, 0
592, ati_structures:villager_inn, HEADING, header:ignore, 0, 0, 0
593, ati_structures:warden_monument, HEADING, header:ignore, 0, 0, 0
594, idas:washing_camp, HEADING, header:ignore, 0, 0, 0
595, supplementaries:way_sign, HEADING, header:ignore, 0, 0, 0
596, idas:winter_wagon, HEADING, header:ignore, 0, 0, 0
597, dungeons_arise:wishing_well, HEADING, header:ignore, 0, 0, 0
598, valhelsia_structures:witch_hut, HEADING, header:ignore, 0, 0, 0
599, valhelsia_structures:witch_hut, MONSTER, minecraft:witch, 1, 1, 1
600, valhelsia_structures:witch_hut, CREATURE, minecraft:cat, 1, 1, 1
601, repurposed_structures:witch_hut_birch, HEADING, header:ignore, 0, 0, 0
602, repurposed_structures:witch_hut_birch, MONSTER, minecraft:witch, 1, 1, 1
603, repurposed_structures:witch_hut_birch, CREATURE, minecraft:cat, 1, 1, 1
604, repurposed_structures:witch_hut_dark_forest, HEADING, header:ignore, 0, 0, 0
605, repurposed_structures:witch_hut_dark_forest, MONSTER, minecraft:witch, 1, 1, 1
606, repurposed_structures:witch_hut_dark_forest, CREATURE, minecraft:cat, 1, 1, 1
607, repurposed_structures:witch_hut_giant_tree_taiga, HEADING, header:ignore, 0, 0, 0
608, repurposed_structures:witch_hut_giant_tree_taiga, MONSTER, minecraft:witch, 1, 1, 1
609, repurposed_structures:witch_hut_giant_tree_taiga, CREATURE, minecraft:cat, 1, 1, 1
610, repurposed_structures:witch_hut_mangrove, HEADING, header:ignore, 0, 0, 0
611, repurposed_structures:witch_hut_mangrove, MONSTER, minecraft:witch, 1, 1, 1
612, repurposed_structures:witch_hut_mangrove, CREATURE, minecraft:cat, 1, 1, 1
613, repurposed_structures:witch_hut_oak, HEADING, header:ignore, 0, 0, 0
614, repurposed_structures:witch_hut_oak, MONSTER, minecraft:witch, 1, 1, 1
615, repurposed_structures:witch_hut_oak, CREATURE, minecraft:cat, 1, 1, 1
616, repurposed_structures:witch_hut_taiga, HEADING, header:ignore, 0, 0, 0
617, repurposed_structures:witch_hut_taiga, MONSTER, minecraft:witch, 1, 1, 1
618, repurposed_structures:witch_hut_taiga, CREATURE, minecraft:cat, 1, 1, 1
619, idas:witches_treestump, HEADING, header:ignore, 0, 0, 0
620, idas:witches_treestump, MONSTER, minecraft:witch, 1, 1, 1
621, idas:witches_treestump, CREATURE, minecraft:cat, 1, 1, 1
622, ati_structures:wither_cavern, HEADING, header:ignore, 0, 0, 0
623, ati_structures:wither_keep, HEADING, header:ignore, 0, 0, 0
624, idas:wizard_tower, HEADING, header:ignore, 0, 0, 0
625, ati_structures:woodland_keep, HEADING, header:ignore, 0, 0, 0
626, mowziesmobs:wrought_chamber, HEADING, header:ignore, 0, 0, 0
627, betterdungeons:zombie_dungeon, HEADING, header:ignore, 0, 0, 0
628, betterdungeons:zombie_dungeon, MONSTER, minecraft:zombie, 100, 4, 15
